<?xml version="1.0" encoding="UTF-8"?>
<!-- Generated by org.testng.reporters.JUnitReportReporter -->
<testsuite hostname="IN-PG02C813" failures="0" tests="1" name="tests.fashion" time="65.297" errors="0" timestamp="2022-10-07T22:19:07 IST" skipped="0">
  <testcase classname="tests.fashion" name="homeLinkTest" time="65.297"/>
  <system-out/>
</testsuite> <!-- tests.fashion -->
